Arguments: 
  /Users/jbhutch/.nvm/versions/node/v16.14.0/bin/node /Users/jbhutch/.yarn/bin/yarn.js

PATH: 
  /Users/jbhutch/.yarn/bin:/Users/jbhutch/.config/yarn/global/node_modules/.bin:/Users/jbhutch/.nvm/versions/node/v16.14.0/bin:/opt/homebrew/bin:/opt/homebrew/sbin:/usr/local/bin:/usr/bin:/bin:/usr/sbin:/sbin:/Users/jbhutch/.yarn/bin:/Users/jbhutch/.config/yarn/global/node_modules/.bin:/Users/jbhutch/.nvm/versions/node/v16.14.0/bin:/opt/homebrew/bin:/opt/homebrew/sbin:/Users/jbhutch/.fig/bin:/Users/jbhutch/.local/bin

Yarn version: 
  1.22.19

Node version: 
  16.14.0

Platform: 
  darwin arm64

Trace: 
  Error: ENOENT: no such file or directory, copyfile '/Users/jbhutch/Library/Caches/Yarn/v6/npm-ms-2.1.2-d09d1f357b443f493382a8eb3ccd183872ae6009-integrity/node_modules/ms/index.js' -> '/Users/jbhutch/Sites/super-rcv/node_modules/@babel/core/node_modules/ms/index.js'

npm manifest: 
  {
    "private": true,
    "sideEffects": false,
    "scripts": {
      "build": "npm run build:css && remix build",
      "build:css": "postcss styles/main.scss -o app/styles/main.css -m",
      "dev": "concurrently \"npm run dev:css\" \"remix dev\"",
      "dev:css": "postcss -w styles/main.scss -o app/styles/main.css"
    },
    "dependencies": {
      "@remix-run/node": "^1.5.1",
      "@remix-run/react": "^1.5.1",
      "@remix-run/vercel": "^1.5.1",
      "@vercel/node": "^1.15.4",
      "clsx": "^1.1.1",
      "nanoid-good": "^3.1.0",
      "react": "^17.0.2",
      "react-dom": "^17.0.2"
    },
    "devDependencies": {
      "@remix-run/dev": "^1.5.1",
      "@remix-run/eslint-config": "^1.5.1",
      "@remix-run/serve": "^1.5.1",
      "autoprefixer": "^10.4.7",
      "concurrently": "^7.2.1",
      "cssnano": "^5.1.11",
      "eslint": "^8.17.0",
      "postcss": "^8.4.14",
      "postcss-cli": "^9.1.0",
      "postcss-import": "^14.1.0",
      "prettier": "^2.6.2",
      "prettier-plugin-tailwindcss": "^0.1.11",
      "tailwindcss": "^3.0.24"
    },
    "engines": {
      "node": ">=14"
    }
  }

yarn manifest: 
  No manifest

Lockfile: 
  No lockfile
